0 0
0.004995 0.0148875
0.00999001 0.029549
0.014985 0.0439835
0.01998 0.05819
0.024975 0.0721676
0.02997 0.0859153
0.034965 0.0994322
0.03996 0.112717
0.044955 0.12577
0.04995 0.138589
0.0549451 0.151174
0.0599401 0.163524
0.0649351 0.175639
0.0699301 0.187518
0.0749251 0.199159
0.0799201 0.210563
0.0849151 0.22173
0.0899101 0.232658
0.0949051 0.243348
0.0999001 0.253799
0.104895 0.264011
0.10989 0.273983
0.114885 0.283716
0.11988 0.29321
0.124875 0.302465
0.12987 0.31148
0.134865 0.320256
0.13986 0.328793
0.144855 0.337091
0.14985 0.345151
0.154845 0.352973
0.15984 0.360558
0.164835 0.367906
0.16983 0.375018
0.174825 0.381895
0.17982 0.388536
0.184815 0.394944
0.18981 0.401119
0.194805 0.407061
0.1998 0.412773
0.204795 0.418254
0.20979 0.423506
0.214785 0.428531
0.21978 0.433329
0.224775 0.437902
0.22977 0.442251
0.234765 0.446378
0.23976 0.450284
0.244755 0.45397
0.24975 0.457438
0.254745 0.46069
0.25974 0.463727
0.264735 0.466552
0.26973 0.469165
0.274725 0.471569
0.27972 0.473765
0.284715 0.475756
0.28971 0.477543
0.294705 0.479129
0.2997 0.480514
0.304695 0.481703
0.30969 0.482695
0.314685 0.483494
0.31968 0.484102
0.324675 0.48452
0.32967 0.484752
0.334665 0.484799
0.33966 0.484664
0.344655 0.484348
0.34965 0.483855
0.354645 0.483186
0.35964 0.482344
0.364635 0.481332
0.36963 0.480151
0.374625 0.478804
0.37962 0.477294
0.384615 0.475623
0.38961 0.473793
0.394605 0.471808
0.3996 0.469669
0.404595 0.467379
0.40959 0.46494
0.414585 0.462356
0.41958 0.459628
0.424575 0.45676
0.42957 0.453753
0.434565 0.45061
0.43956 0.447334
0.444555 0.443928
0.44955 0.440393
0.454545 0.436733
0.45954 0.432951
0.464535 0.429047
0.46953 0.425026
0.474525 0.42089
0.47952 0.416641
0.484515 0.412283
0.48951 0.407816
0.494505 0.403245
0.4995 0.398571
0.504496 0.393797
0.509491 0.388925
0.514486 0.383959
0.519481 0.3789
0.524476 0.373752
0.529471 0.368515
0.534466 0.363194
0.539461 0.35779
0.544456 0.352307
0.549451 0.346745
0.554446 0.341108
0.559441 0.335398
0.564436 0.329618
0.569431 0.32377
0.574426 0.317855
0.579421 0.311877
0.584416 0.305838
0.589411 0.29974
0.594406 0.293586
0.599401 0.287377
0.604396 0.281116
0.609391 0.274805
0.614386 0.268446
0.619381 0.262042
0.624376 0.255594
0.629371 0.249105
0.634366 0.242577
0.639361 0.236011
0.644356 0.229411
0.649351 0.222777
0.654346 0.216113
0.659341 0.20942
0.664336 0.202699
0.669331 0.195954
0.674326 0.189185
0.679321 0.182395
0.684316 0.175586
0.689311 0.168759
0.694306 0.161917
0.699301 0.155061
0.704296 0.148192
0.709291 0.141313
0.714286 0.134426
0.719281 0.127532
0.724276 0.120632
0.729271 0.113729
0.734266 0.106824
0.739261 0.0999187
0.744256 0.0930145
0.749251 0.0861131
0.754246 0.079216
0.759241 0.0723248
0.764236 0.0654409
0.769231 0.0585657
0.774226 0.0517008
0.779221 0.0448474
0.784216 0.038007
0.789211 0.0311809
0.794206 0.0243705
0.799201 0.0175771
0.804196 0.0108019
0.809191 0.00404617
0.814186 -0.00268879
0.819181 -0.00940182
0.824176 -0.0160917
0.829171 -0.0227573
0.834166 -0.0293976
0.839161 -0.0360112
0.844156 -0.0425973
0.849151 -0.0491547
0.854146 -0.0556824
0.859141 -0.0621794
0.864136 -0.0686446
0.869131 -0.0750772
0.874126 -0.0814761
0.879121 -0.0878405
0.884116 -0.0941694
0.889111 -0.100462
0.894106 -0.106717
0.899101 -0.112935
0.904096 -0.119113
0.909091 -0.125252
0.914086 -0.131351
0.919081 -0.137408
0.924076 -0.143424
0.929071 -0.149397
0.934066 -0.155327
0.939061 -0.161212
0.944056 -0.167054
0.949051 -0.17285
0.954046 -0.1786
0.959041 -0.184304
0.964036 -0.189961
0.969031 -0.195571
0.974026 -0.201133
0.979021 -0.206646
0.984016 -0.21211
0.989011 -0.217525
0.994006 -0.22289
0.999001 -0.228205
1.004 -0.233469
1.00899 -0.238681
1.01399 -0.243843
1.01898 -0.248952
1.02398 -0.254009
1.02897 -0.259014
1.03397 -0.263966
1.03896 -0.268865
1.04396 -0.27371
1.04895 -0.278502
1.05395 -0.28324
1.05894 -0.287924
1.06394 -0.292553
1.06893 -0.297128
1.07393 -0.301648
1.07892 -0.306114
1.08392 -0.310524
1.08891 -0.314879
1.09391 -0.319178
1.0989 -0.323423
1.1039 -0.327612
1.10889 -0.331745
1.11389 -0.335822
1.11888 -0.339844
1.12388 -0.34381
1.12887 -0.34772
1.13387 -0.351574
1.13886 -0.355372
1.14386 -0.359115
1.14885 -0.362801
1.15385 -0.366432
1.15884 -0.370007
1.16384 -0.373526
1.16883 -0.376989
1.17383 -0.380397
1.17882 -0.383749
1.18382 -0.387046
1.18881 -0.390287
1.19381 -0.393474
1.1988 -0.396604
1.2038 -0.39968
1.20879 -0.402701
1.21379 -0.405667
1.21878 -0.408579
1.22378 -0.411436
1.22877 -0.414239
1.23377 -0.416988
1.23876 -0.419682
1.24376 -0.422323
1.24875 -0.424911
1.25375 -0.427445
1.25874 -0.429926
1.26374 -0.432354
1.26873 -0.43473
1.27373 -0.437053
1.27872 -0.439323
1.28372 -0.441542
1.28871 -0.443709
1.29371 -0.445825
1.2987 -0.447889
1.3037 -0.449903
1.30869 -0.451866
1.31369 -0.453778
1.31868 -0.455641
1.32368 -0.457454
1.32867 -0.459217
1.33367 -0.460931
1.33866 -0.462596
1.34366 -0.464212
1.34865 -0.465781
1.35365 -0.467301
1.35864 -0.468774
1.36364 -0.470199
1.36863 -0.471577
1.37363 -0.472909
1.37862 -0.474195
1.38362 -0.475434
1.38861 -0.476628
1.39361 -0.477777
1.3986 -0.47888
1.4036 -0.47994
1.40859 -0.480954
1.41359 -0.481925
1.41858 -0.482853
1.42358 -0.483737
1.42857 -0.484579
1.43357 -0.485378
1.43856 -0.486135
1.44356 -0.48685
1.44855 -0.487524
1.45355 -0.488157
1.45854 -0.48875
1.46354 -0.489302
1.46853 -0.489815
1.47353 -0.490288
1.47852 -0.490722
1.48352 -0.491117
1.48851 -0.491474
1.49351 -0.491793
1.4985 -0.492075
1.5035 -0.492319
1.50849 -0.492527
1.51349 -0.492698
1.51848 -0.492833
1.52348 -0.492933
1.52847 -0.492997
1.53347 -0.493026
1.53846 -0.493021
1.54346 -0.492982
1.54845 -0.492909
1.55345 -0.492803
1.55844 -0.492664
1.56344 -0.492492
1.56843 -0.492289
1.57343 -0.492053
1.57842 -0.491786
1.58342 -0.491488
1.58841 -0.491159
1.59341 -0.4908
1.5984 -0.490411
1.6034 -0.489993
1.60839 -0.489545
1.61339 -0.489069
1.61838 -0.488565
1.62338 -0.488032
1.62837 -0.487472
1.63337 -0.486884
1.63836 -0.48627
1.64336 -0.485629
1.64835 -0.484962
1.65335 -0.484269
1.65834 -0.483551
1.66334 -0.482807
1.66833 -0.482039
1.67333 -0.481247
1.67832 -0.480431
1.68332 -0.479591
1.68831 -0.478728
1.69331 -0.477842
1.6983 -0.476933
1.7033 -0.476002
1.70829 -0.47505
1.71329 -0.474076
1.71828 -0.47308
1.72328 -0.472064
1.72827 -0.471028
1.73327 -0.469971
1.73826 -0.468894
1.74326 -0.467799
1.74825 -0.466683
1.75325 -0.46555
1.75824 -0.464397
1.76324 -0.463227
1.76823 -0.462039
1.77323 -0.460833
1.77822 -0.45961
1.78322 -0.458371
1.78821 -0.457114
1.79321 -0.455842
1.7982 -0.454554
1.8032 -0.45325
1.80819 -0.45193
1.81319 -0.450596
1.81818 -0.449247
1.82318 -0.447884
1.82817 -0.446507
1.83317 -0.445116
1.83816 -0.443711
1.84316 -0.442294
1.84815 -0.440863
1.85315 -0.43942
1.85814 -0.437964
1.86314 -0.436497
1.86813 -0.435017
1.87313 -0.433527
1.87812 -0.432024
1.88312 -0.430511
1.88811 -0.428988
1.89311 -0.427454
1.8981 -0.425909
1.9031 -0.424355
1.90809 -0.422792
1.91309 -0.421218
1.91808 -0.419636
1.92308 -0.418045
1.92807 -0.416445
1.93307 -0.414837
1.93806 -0.413221
1.94306 -0.411597
1.94805 -0.409966
1.95305 -0.408327
1.95804 -0.40668
1.96304 -0.405027
1.96803 -0.403368
1.97303 -0.401701
1.97802 -0.400029
1.98302 -0.39835
1.98801 -0.396666
1.99301 -0.394976
1.998 -0.393281
2.003 -0.391581
2.00799 -0.389875
2.01299 -0.388165
2.01798 -0.386451
2.02298 -0.384732
2.02797 -0.383009
2.03297 -0.381282
2.03796 -0.379552
2.04296 -0.377818
2.04795 -0.37608
2.05295 -0.37434
2.05794 -0.372596
2.06294 -0.37085
2.06793 -0.369101
2.07293 -0.36735
2.07792 -0.365596
2.08292 -0.363841
2.08791 -0.362083
2.09291 -0.360324
2.0979 -0.358564
2.1029 -0.356802
2.10789 -0.355038
2.11289 -0.353274
2.11788 -0.351509
2.12288 -0.349743
2.12787 -0.347977
2.13287 -0.34621
2.13786 -0.344443
2.14286 -0.342676
2.14785 -0.340909
2.15285 -0.339142
2.15784 -0.337376
2.16284 -0.33561
2.16783 -0.333844
2.17283 -0.33208
2.17782 -0.330316
2.18282 -0.328553
2.18781 -0.326791
2.19281 -0.325031
2.1978 -0.323272
2.2028 -0.321515
2.20779 -0.319759
2.21279 -0.318005
2.21778 -0.316253
2.22278 -0.314503
2.22777 -0.312755
2.23277 -0.311009
2.23776 -0.309266
2.24276 -0.307525
2.24775 -0.305787
2.25275 -0.304052
2.25774 -0.302319
2.26274 -0.300589
2.26773 -0.298862
2.27273 -0.297138
2.27772 -0.295418
2.28272 -0.2937
2.28771 -0.291987
2.29271 -0.290276
2.2977 -0.288569
2.3027 -0.286866
2.30769 -0.285167
2.31269 -0.283471
2.31768 -0.281779
2.32268 -0.280091
2.32767 -0.278408
2.33267 -0.276728
2.33766 -0.275053
2.34266 -0.273382
2.34765 -0.271715
2.35265 -0.270053
2.35764 -0.268396
2.36264 -0.266743
2.36763 -0.265094
2.37263 -0.263451
2.37762 -0.261812
2.38262 -0.260178
2.38761 -0.258549
2.39261 -0.256925
2.3976 -0.255306
2.4026 -0.253692
2.40759 -0.252084
2.41259 -0.25048
2.41758 -0.248882
2.42258 -0.247289
2.42757 -0.245702
2.43257 -0.24412
2.43756 -0.242543
2.44256 -0.240972
2.44755 -0.239407
2.45255 -0.237847
2.45754 -0.236293
2.46254 -0.234744
2.46753 -0.233201
2.47253 -0.231665
2.47752 -0.230133
2.48252 -0.228608
2.48751 -0.227089
2.49251 -0.225576
2.4975 -0.224068
2.5025 -0.222567
2.50749 -0.221072
2.51249 -0.219582
2.51748 -0.218099
2.52248 -0.216622
2.52747 -0.215152
2.53247 -0.213687
2.53746 -0.212229
2.54246 -0.210777
2.54745 -0.209331
2.55245 -0.207891
2.55744 -0.206458
2.56244 -0.205031
2.56743 -0.203611
2.57243 -0.202197
2.57742 -0.200789
2.58242 -0.199388
2.58741 -0.197993
2.59241 -0.196604
2.5974 -0.195223
2.6024 -0.193847
2.60739 -0.192478
2.61239 -0.191116
2.61738 -0.18976
2.62238 -0.188411
2.62737 -0.187068
2.63237 -0.185732
2.63736 -0.184402
2.64236 -0.183079
2.64735 -0.181763
2.65235 -0.180453
2.65734 -0.179149
2.66234 -0.177853
2.66733 -0.176563
2.67233 -0.175279
2.67732 -0.174002
2.68232 -0.172732
2.68731 -0.171469
2.69231 -0.170212
2.6973 -0.168961
2.7023 -0.167718
2.70729 -0.166481
2.71229 -0.16525
2.71728 -0.164026
2.72228 -0.162809
2.72727 -0.161599
2.73227 -0.160395
2.73726 -0.159197
2.74226 -0.158007
2.74725 -0.156822
2.75225 -0.155645
2.75724 -0.154474
2.76224 -0.15331
2.76723 -0.152152
2.77223 -0.151001
2.77722 -0.149856
2.78222 -0.148718
2.78721 -0.147586
2.79221 -0.146461
2.7972 -0.145343
2.8022 -0.144231
2.80719 -0.143125
2.81219 -0.142026
2.81718 -0.140934
2.82218 -0.139848
2.82717 -0.138768
2.83217 -0.137695
2.83716 -0.136628
2.84216 -0.135568
2.84715 -0.134514
2.85215 -0.133467
2.85714 -0.132426
2.86214 -0.131391
2.86713 -0.130363
2.87213 -0.129341
2.87712 -0.128325
2.88212 -0.127315
2.88711 -0.126312
2.89211 -0.125315
2.8971 -0.124325
2.9021 -0.12334
2.90709 -0.122362
2.91209 -0.12139
2.91708 -0.120424
2.92208 -0.119465
2.92707 -0.118511
2.93207 -0.117564
2.93706 -0.116622
2.94206 -0.115687
2.94705 -0.114758
2.95205 -0.113835
2.95704 -0.112918
2.96204 -0.112007
2.96703 -0.111102
2.97203 -0.110202
2.97702 -0.109309
2.98202 -0.108422
2.98701 -0.107541
2.99201 -0.106665
2.997 -0.105795
3.002 -0.104931
3.00699 -0.104073
3.01199 -0.103221
3.01698 -0.102375
3.02198 -0.101534
3.02697 -0.100699
3.03197 -0.0998693
3.03696 -0.0990456
3.04196 -0.0982276
3.04695 -0.0974151
3.05195 -0.0966083
3.05694 -0.095807
3.06194 -0.0950113
3.06693 -0.0942211
3.07193 -0.0934365
3.07692 -0.0926573
3.08192 -0.0918835
3.08691 -0.0911152
3.09191 -0.0903523
3.0969 -0.0895948
3.1019 -0.0888426
3.10689 -0.0880958
3.11189 -0.0873542
3.11688 -0.086618
3.12188 -0.085887
3.12687 -0.0851612
3.13187 -0.0844407
3.13686 -0.0837253
3.14186 -0.0830151
3.14685 -0.08231
3.15185 -0.08161
3.15684 -0.0809151
3.16184 -0.0802253
3.16683 -0.0795405
3.17183 -0.0788607
3.17682 -0.0781859
3.18182 -0.077516
3.18681 -0.076851
3.19181 -0.076191
3.1968 -0.0755358
3.2018 -0.0748855
3.20679 -0.07424
3.21179 -0.0735994
3.21678 -0.0729635
3.22178 -0.0723323
3.22677 -0.0717059
3.23177 -0.0710841
3.23676 -0.0704671
3.24176 -0.0698546
3.24675 -0.0692468
3.25175 -0.0686436
3.25674 -0.068045
3.26174 -0.0674509
3.26673 -0.0668613
3.27173 -0.0662763
3.27672 -0.0656957
3.28172 -0.0651195
3.28671 -0.0645477
3.29171 -0.0639804
3.2967 -0.0634174
3.3017 -0.0628587
3.30669 -0.0623044
3.31169 -0.0617543
3.31668 -0.0612085
3.32168 -0.060667
3.32667 -0.0601297
3.33167 -0.0595965
3.33666 -0.0590675
3.34166 -0.0585427
3.34665 -0.058022
3.35165 -0.0575053
3.35664 -0.0569927
3.36164 -0.0564842
3.36663 -0.0559797
3.37163 -0.0554791
3.37662 -0.0549825
3.38162 -0.0544899
3.38661 -0.0540012
3.39161 -0.0535164
3.3966 -0.0530354
3.4016 -0.0525583
3.40659 -0.052085
3.41159 -0.0516154
3.41658 -0.0511497
3.42158 -0.0506877
3.42657 -0.0502294
3.43157 -0.0497748
3.43656 -0.0493239
3.44156 -0.0488767
3.44655 -0.048433
3.45155 -0.047993
3.45654 -0.0475565
3.46154 -0.0471236
3.46653 -0.0466942
3.47153 -0.0462684
3.47652 -0.045846
3.48152 -0.045427
3.48651 -0.0450115
3.49151 -0.0445995
3.4965 -0.0441908
3.5015 -0.0437855
3.50649 -0.0433835
3.51149 -0.0429849
3.51648 -0.0425895
3.52148 -0.0421974
3.52647 -0.0418086
3.53147 -0.041423
3.53646 -0.0410407
3.54146 -0.0406615
3.54645 -0.0402855
3.55145 -0.0399126
3.55644 -0.0395428
3.56144 -0.0391762
3.56643 -0.0388126
3.57143 -0.0384521
3.57642 -0.0380946
3.58142 -0.0377401
3.58641 -0.0373887
3.59141 -0.0370402
3.5964 -0.0366946
3.6014 -0.036352
3.60639 -0.0360123
3.61139 -0.0356754
3.61638 -0.0353415
3.62138 -0.0350104
3.62637 -0.0346821
3.63137 -0.0343566
3.63636 -0.0340339
3.64136 -0.033714
3.64635 -0.0333968
3.65135 -0.0330823
3.65634 -0.0327705
3.66134 -0.0324615
3.66633 -0.032155
3.67133 -0.0318513
3.67632 -0.0315501
3.68132 -0.0312516
3.68631 -0.0309556
3.69131 -0.0306622
3.6963 -0.0303714
3.7013 -0.0300831
3.70629 -0.0297973
3.71129 -0.029514
3.71628 -0.0292332
3.72128 -0.0289548
3.72627 -0.0286788
3.73127 -0.0284053
3.73626 -0.0281342
3.74126 -0.0278654
3.74625 -0.027599
3.75125 -0.027335
3.75624 -0.0270732
3.76124 -0.0268138
3.76623 -0.0265567
3.77123 -0.0263018
3.77622 -0.0260492
3.78122 -0.0257989
3.78621 -0.0255507
3.79121 -0.0253048
3.7962 -0.0250611
3.8012 -0.0248195
3.80619 -0.02458
3.81119 -0.0243427
3.81618 -0.0241076
3.82118 -0.0238745
3.82617 -0.0236435
3.83117 -0.0234146
3.83616 -0.0231877
3.84116 -0.0229629
3.84615 -0.0227401
3.85115 -0.0225193
3.85614 -0.0223004
3.86114 -0.0220836
3.86613 -0.0218687
3.87113 -0.0216557
3.87612 -0.0214447
3.88112 -0.0212356
3.88611 -0.0210284
3.89111 -0.020823
3.8961 -0.0206195
3.9011 -0.0204179
3.90609 -0.0202181
3.91109 -0.0200201
3.91608 -0.0198239
3.92108 -0.0196296
3.92607 -0.0194369
3.93107 -0.0192461
3.93606 -0.019057
3.94106 -0.0188696
3.94605 -0.018684
3.95105 -0.0185
3.95604 -0.0183178
3.96104 -0.0181372
3.96603 -0.0179582
3.97103 -0.017781
3.97602 -0.0176053
3.98102 -0.0174313
3.98601 -0.0172589
3.99101 -0.0170881
3.996 -0.0169188
4.001 -0.0167512
4.00599 -0.016585
4.01099 -0.0164205
4.01598 -0.0162574
4.02098 -0.0160959
4.02597 -0.0159359
4.03097 -0.0157773
4.03596 -0.0156203
4.04096 -0.0154647
4.04595 -0.0153105
4.05095 -0.0151578
4.05594 -0.0150065
4.06094 -0.0148567
4.06593 -0.0147082
4.07093 -0.0145612
4.07592 -0.0144155
4.08092 -0.0142712
4.08591 -0.0141282
4.09091 -0.0139866
4.0959 -0.0138463
4.1009 -0.0137074
4.10589 -0.0135698
4.11089 -0.0134334
4.11588 -0.0132984
4.12088 -0.0131646
4.12587 -0.0130321
4.13087 -0.0129008
4.13586 -0.0127708
4.14086 -0.012642
4.14585 -0.0125145
4.15085 -0.0123882
4.15584 -0.012263
4.16084 -0.0121391
4.16583 -0.0120163
4.17083 -0.0118947
4.17582 -0.0117743
4.18082 -0.011655
4.18581 -0.0115369
4.19081 -0.0114199
4.1958 -0.011304
4.2008 -0.0111892
4.20579 -0.0110755
4.21079 -0.0109629
4.21578 -0.0108514
4.22078 -0.010741
4.22577 -0.0106316
4.23077 -0.0105233
4.23576 -0.010416
4.24076 -0.0103098
4.24575 -0.0102046
4.25075 -0.0101004
4.25574 -0.00999716
4.26074 -0.00989497
4.26573 -0.00979376
4.27073 -0.00969354
4.27572 -0.00959429
4.28072 -0.00949599
4.28571 -0.00939866
4.29071 -0.00930227
4.2957 -0.00920681
4.3007 -0.00911229
4.30569 -0.00901869
4.31069 -0.00892599
4.31568 -0.0088342
4.32068 -0.00874331
4.32567 -0.00865331
4.33067 -0.00856418
4.33566 -0.00847593
4.34066 -0.00838854
4.34565 -0.008302
4.35065 -0.00821631
4.35564 -0.00813147
4.36064 -0.00804745
4.36563 -0.00796426
4.37063 -0.00788189
4.37562 -0.00780033
4.38062 -0.00771957
4.38561 -0.00763961
4.39061 -0.00756043
4.3956 -0.00748204
4.4006 -0.00740442
4.40559 -0.00732756
4.41059 -0.00725147
4.41558 -0.00717612
4.42058 -0.00710153
4.42557 -0.00702767
4.43057 -0.00695454
4.43556 -0.00688214
4.44056 -0.00681045
4.44555 -0.00673948
4.45055 -0.00666921
4.45554 -0.00659964
4.46054 -0.00653077
4.46553 -0.00646258
4.47053 -0.00639506
4.47552 -0.00632822
4.48052 -0.00626205
4.48551 -0.00619654
4.49051 -0.00613168
4.4955 -0.00606747
4.5005 -0.0060039
4.50549 -0.00594097
4.51049 -0.00587867
4.51548 -0.00581699
4.52048 -0.00575593
4.52547 -0.00569548
4.53047 -0.00563564
4.53546 -0.0055764
4.54046 -0.00551775
4.54545 -0.0054597
4.55045 -0.00540223
4.55544 -0.00534534
4.56044 -0.00528902
4.56543 -0.00523326
4.57043 -0.00517807
4.57542 -0.00512344
4.58042 -0.00506936
4.58541 -0.00501583
4.59041 -0.00496283
4.5954 -0.00491037
4.6004 -0.00485845
4.60539 -0.00480705
4.61039 -0.00475617
4.61538 -0.0047058
4.62038 -0.00465595
4.62537 -0.0046066
4.63037 -0.00455776
4.63536 -0.00450941
4.64036 -0.00446155
4.64535 -0.00441418
4.65035 -0.00436729
4.65534 -0.00432088
4.66034 -0.00427494
4.66533 -0.00422948
4.67033 -0.00418447
4.67532 -0.00413992
4.68032 -0.00409583
4.68531 -0.00405219
4.69031 -0.004009
4.6953 -0.00396625
4.7003 -0.00392394
4.70529 -0.00388206
4.71029 -0.0038406
4.71528 -0.00379958
4.72028 -0.00375897
4.72527 -0.00371879
4.73027 -0.00367901
4.73526 -0.00363964
4.74026 -0.00360068
4.74525 -0.00356212
4.75025 -0.00352396
4.75524 -0.00348619
4.76024 -0.00344881
4.76523 -0.00341181
4.77023 -0.0033752
4.77522 -0.00333896
4.78022 -0.0033031
4.78521 -0.00326761
4.79021 -0.00323248
4.7952 -0.00319772
4.8002 -0.00316332
4.80519 -0.00312927
4.81019 -0.00309558
4.81518 -0.00306224
4.82018 -0.00302924
4.82517 -0.00299659
4.83017 -0.00296427
4.83516 -0.00293229
4.84016 -0.00290064
4.84515 -0.00286933
4.85015 -0.00283833
4.85514 -0.00280766
4.86014 -0.00277731
4.86513 -0.00274728
4.87013 -0.00271756
4.87512 -0.00268814
4.88012 -0.00265904
4.88511 -0.00263024
4.89011 -0.00260174
4.8951 -0.00257354
4.9001 -0.00254563
4.90509 -0.00251802
4.91009 -0.00249069
4.91508 -0.00246365
4.92008 -0.00243689
4.92507 -0.00241042
4.93007 -0.00238422
4.93506 -0.00235829
4.94006 -0.00233264
4.94505 -0.00230726
4.95005 -0.00228214
4.95504 -0.00225729
4.96004 -0.0022327
4.96503 -0.00220837
4.97003 -0.0021843
4.97502 -0.00216047
4.98002 -0.0021369
4.98501 -0.00211358
4.99001 -0.00209051
4.995 -0.00206767
